<?xml version="1.0" encoding="UTF-8"?>
<testsuite xmlns:xsi="http://www.w3.org/2001/XMLSchema-instance" xsi:noNamespaceSchemaLocation="https://maven.apache.org/surefire/maven-surefire-plugin/xsd/surefire-test-report-3.0.xsd" version="3.0" name="pe.edu.cibertec.micro_auth.MicroAuthApplicationTests" time="8.868" tests="1" errors="0" skipped="0" failures="0">
  <properties>
[...]
</properties>
  <testcase name="contextLoads" classname="pe.edu.cibertec.micro_auth.MicroAuthApplicationTests" time="0.521">
    <system-out><![CDATA[00:15:35.865 [main] INFO org.springframework.test.context.support.AnnotationConfigContextLoaderUtils -- Could not detect default configuration classes for test class [pe.edu.cibertec.micro_auth.MicroAuthApplicationTests]: MicroAuthApplicationTests does not declare any static, non-private, non-final, nested classes annotated with @Configuration.
00:15:35.989 [main] INFO org.springframework.boot.test.context.SpringBootTestContextBootstrapper -- Found @SpringBootConfiguration pe.edu.cibertec.micro_auth.MicroAuthApplication for test class pe.edu.cibertec.micro_auth.MicroAuthApplicationTests

  .   ____          _            __ _ _
 /\\ / ___'_ __ _ _(_)_ __  __ _ \ \ \ \
( ( )\___ | '_ | '_| | '_ \/ _` | \ \ \ \
 \\/  ___)| |_)| | | | | || (_| |  ) ) ) )
  '  |____| .__|_| |_|_| |_\__, | / / / /
 =========|_|==============|___/=/_/_/_/

 :: Spring Boot ::                (v3.3.4)

2024-10-26T00:15:36.493-05:00  WARN 11528 --- [micro-auth] [           main] ory$DuplicateJsonObjectContextCustomizer : 

Found multiple occurrences of org.json.JSONObject on the class path:

	jar:file:/C:/Users/Jordy/.m2/repository/com/vaadin/external/google/android-json/0.0.20131108.vaadin1/android-json-0.0.20131108.vaadin1.jar!/org/json/JSONObject.class
	jar:file:/C:/Users/Jordy/.m2/repository/org/json/json/20231013/json-20231013.jar!/org/json/JSONObject.class

You may wish to exclude one of them to ensure predictable runtime behavior

2024-10-26T00:15:36.511-05:00  INFO 11528 --- [micro-auth] [           main] p.e.c.m.MicroAuthApplicationTests        : Starting MicroAuthApplicationTests using Java 21.0.4 with PID 11528 (started by Jordy in D:\OneDrive\Documentos\working-place-java-2024\final-proyect\micro-auth-hotelPe)
2024-10-26T00:15:36.512-05:00  INFO 11528 --- [micro-auth] [           main] p.e.c.m.MicroAuthApplicationTests        : No active profile set, falling back to 1 default profile: "default"
2024-10-26T00:15:37.335-05:00  INFO 11528 --- [micro-auth] [           main] .s.d.r.c.RepositoryConfigurationDelegate : Multiple Spring Data modules found, entering strict repository configuration mode
2024-10-26T00:15:37.335-05:00  INFO 11528 --- [micro-auth] [           main] .s.d.r.c.RepositoryConfigurationDelegate : Bootstrapping Spring Data Redis repositories in DEFAULT mode.
2024-10-26T00:15:37.356-05:00  INFO 11528 --- [micro-auth] [           main] .s.d.r.c.RepositoryConfigurationDelegate : Finished Spring Data repository scanning in 4 ms. Found 0 Redis repository interfaces.
2024-10-26T00:15:37.649-05:00  INFO 11528 --- [micro-auth] [           main] .s.d.r.c.RepositoryConfigurationDelegate : Multiple Spring Data modules found, entering strict repository configuration mode
2024-10-26T00:15:37.650-05:00  INFO 11528 --- [micro-auth] [           main] .s.d.r.c.RepositoryConfigurationDelegate : Bootstrapping Spring Data JPA repositories in DEFAULT mode.
2024-10-26T00:15:37.679-05:00  INFO 11528 --- [micro-auth] [           main] .RepositoryConfigurationExtensionSupport : Spring Data JPA - Could not safely identify store assignment for repository candidate interface pe.edu.cibertec.micro_auth.repo.TemporalRegistrationRepository; If you want this repository to be a JPA repository, consider annotating your entities with one of these annotations: jakarta.persistence.Entity, jakarta.persistence.MappedSuperclass (preferred), or consider extending one of the following types with your repository: org.springframework.data.jpa.repository.JpaRepository
2024-10-26T00:15:37.791-05:00  INFO 11528 --- [micro-auth] [           main] .s.d.r.c.RepositoryConfigurationDelegate : Finished Spring Data repository scanning in 137 ms. Found 1 JPA repository interface.
2024-10-26T00:15:37.800-05:00  INFO 11528 --- [micro-auth] [           main] .s.d.r.c.RepositoryConfigurationDelegate : Multiple Spring Data modules found, entering strict repository configuration mode
2024-10-26T00:15:37.800-05:00  INFO 11528 --- [micro-auth] [           main] .s.d.r.c.RepositoryConfigurationDelegate : Bootstrapping Spring Data Redis repositories in DEFAULT mode.
2024-10-26T00:15:37.811-05:00  INFO 11528 --- [micro-auth] [           main] .RepositoryConfigurationExtensionSupport : Spring Data Redis - Could not safely identify store assignment for repository candidate interface pe.edu.cibertec.micro_auth.repo.UserRepository; If you want this repository to be a Redis repository, consider annotating your entities with one of these annotations: org.springframework.data.redis.core.RedisHash (preferred), or consider extending one of the following types with your repository: org.springframework.data.keyvalue.repository.KeyValueRepository
2024-10-26T00:15:37.817-05:00  INFO 11528 --- [micro-auth] [           main] .s.d.r.c.RepositoryConfigurationDelegate : Finished Spring Data repository scanning in 16 ms. Found 1 Redis repository interface.
2024-10-26T00:15:38.611-05:00  INFO 11528 --- [micro-auth] [           main] o.hibernate.jpa.internal.util.LogHelper  : HHH000204: Processing PersistenceUnitInfo [name: default]
2024-10-26T00:15:38.701-05:00  INFO 11528 --- [micro-auth] [           main] org.hibernate.Version                    : HHH000412: Hibernate ORM core version 6.5.3.Final
2024-10-26T00:15:38.747-05:00  INFO 11528 --- [micro-auth] [           main] o.h.c.internal.RegionFactoryInitiator    : HHH000026: Second-level cache disabled
2024-10-26T00:15:39.167-05:00  INFO 11528 --- [micro-auth] [           main] o.s.o.j.p.SpringPersistenceUnitInfo      : No LoadTimeWeaver setup: ignoring JPA class transformer
2024-10-26T00:15:39.217-05:00  INFO 11528 --- [micro-auth] [           main] com.zaxxer.hikari.HikariDataSource       : HikariPool-1 - Starting...
2024-10-26T00:15:41.000-05:00  INFO 11528 --- [micro-auth] [           main] com.zaxxer.hikari.pool.HikariPool        : HikariPool-1 - Added connection com.mysql.cj.jdbc.ConnectionImpl@1c2cdc67
2024-10-26T00:15:41.006-05:00  INFO 11528 --- [micro-auth] [           main] com.zaxxer.hikari.HikariDataSource       : HikariPool-1 - Start completed.
2024-10-26T00:15:41.160-05:00  WARN 11528 --- [micro-auth] [           main] org.hibernate.orm.deprecation            : HHH90000025: MySQL8Dialect does not need to be specified explicitly using 'hibernate.dialect' (remove the property setting and it will be selected by default)
2024-10-26T00:15:41.161-05:00  WARN 11528 --- [micro-auth] [           main] org.hibernate.orm.deprecation            : HHH90000026: MySQL8Dialect has been deprecated; use org.hibernate.dialect.MySQLDialect instead
2024-10-26T00:15:41.944-05:00  INFO 11528 --- [micro-auth] [           main] o.h.e.t.j.p.i.JtaPlatformInitiator       : HHH000489: No JTA platform available (set 'hibernate.transaction.jta.platform' to enable JTA platform integration)
2024-10-26T00:15:42.371-05:00  INFO 11528 --- [micro-auth] [           main] j.LocalContainerEntityManagerFactoryBean : Initialized JPA EntityManagerFactory for persistence unit 'default'
2024-10-26T00:15:42.778-05:00  INFO 11528 --- [micro-auth] [           main] eAuthenticationProviderManagerConfigurer : Global AuthenticationManager configured with AuthenticationProvider bean with name authenticationProvider
2024-10-26T00:15:42.779-05:00  WARN 11528 --- [micro-auth] [           main] r$InitializeUserDetailsManagerConfigurer : Global AuthenticationManager configured with an AuthenticationProvider bean. UserDetailsService beans will not be used for username/password login. Consider removing the AuthenticationProvider bean. Alternatively, consider using the UserDetailsService in a manually instantiated DaoAuthenticationProvider.
2024-10-26T00:15:43.071-05:00  WARN 11528 --- [micro-auth] [           main] JpaBaseConfiguration$JpaWebConfiguration : spring.jpa.open-in-view is enabled by default. Therefore, database queries may be performed during view rendering. Explicitly configure spring.jpa.open-in-view to disable this warning
2024-10-26T00:15:43.989-05:00  INFO 11528 --- [micro-auth] [           main] p.e.c.m.MicroAuthApplicationTests        : Started MicroAuthApplicationTests in 7.797 seconds (process running for 8.982)
]]></system-out>
    <system-err><![CDATA[WARNING: A Java agent has been loaded dynamically (C:\Users\Jordy\.m2\repository\net\bytebuddy\byte-buddy-agent\1.14.19\byte-buddy-agent-1.14.19.jar)
WARNING: If a serviceability tool is in use, please run with -XX:+EnableDynamicAgentLoading to hide this warning
WARNING: If a serviceability tool is not in use, please run with -Djdk.instrument.traceUsage for more information
WARNING: Dynamic loading of agents will be disallowed by default in a future release
]]></system-err>
  </testcase>
</testsuite>